<?xml version="1.0" encoding="UTF-8" standalone="no"?>
<testsuite failures="0" name="cucumber.runtime.formatter.JUnitFormatter" skipped="0" tests="6" time="727.411447">
<testcase classname="Chrome Extension Test" name="Validation of page load time extension loaded is empty" time="10.768919">
<system-out><![CDATA[Given User has added extension in browser...................................passed
Then extension displays empty table.........................................passed
]]></system-out>
</testcase>
<testcase classname="Chrome Extension Test" name="Validation of page load time displayed" time="28.929783">
<system-out><![CDATA[Given User has added extension in browser...................................passed
When user navigates to "https://www.google.com".............................passed
Then extension displays table for time to load the website..................passed
And extension displays time to load the website.............................passed
]]></system-out>
</testcase>
<testcase classname="Chrome Extension Test" name="Validation of page load time displayed 2" time="18.291154">
<system-out><![CDATA[Given User has added extension in browser...................................passed
When user navigates to "http://www.google.com"..............................passed
Then extension displays table for time to load the website..................passed
And extension displays time to load the website.............................passed
]]></system-out>
</testcase>
<testcase classname="Firefox Extension Test" name="Validation of page load time extension loaded is empty" time="241.523392">
<system-out><![CDATA[Given User has added extension in firefox browser...........................passed
Then extension displays empty table.........................................passed
]]></system-out>
</testcase>
<testcase classname="Firefox Extension Test" name="Validation of page load time displayed" time="235.195111">
<system-out><![CDATA[Given User has added extension in firefox browser...........................passed
When user navigates to "https://www.google.com".............................passed
Then firefox extension displays table for time to load the website..........passed
And firefox extension displays time to load the website.....................passed
]]></system-out>
</testcase>
<testcase classname="Firefox Extension Test" name="Validation of page load time displayed 2" time="192.703088">
<system-out><![CDATA[Given User has added extension in firefox browser...........................passed
When user navigates to "http://www.google.com"..............................passed
Then firefox extension displays table for time to load the website..........passed
And firefox extension displays time to load the website.....................passed
]]></system-out>
</testcase>
</testsuite>
